0 info it worked if it ends with ok
1 verbose cli [ 'D:\\study-app\\node\\\\node.exe',
1 verbose cli   'D:\\study-app\\node\\node_modules\\npm\\bin\\npm-cli.js',
1 verbose cli   'install',
1 verbose cli   'felixge/node-mysql' ]
2 info using npm@1.4.28
3 info using node@v0.10.33
4 verbose node symlink D:\study-app\node\\node.exe
5 verbose readDependencies using package.json deps
6 verbose cache add [ 'felixge/node-mysql', null ]
7 verbose cache add name=undefined spec="felixge/node-mysql" args=["felixge/node-mysql",null]
8 verbose parsed url { protocol: null,
8 verbose parsed url   slashes: null,
8 verbose parsed url   auth: null,
8 verbose parsed url   host: null,
8 verbose parsed url   port: null,
8 verbose parsed url   hostname: null,
8 verbose parsed url   hash: null,
8 verbose parsed url   search: null,
8 verbose parsed url   query: null,
8 verbose parsed url   pathname: 'felixge/node-mysql',
8 verbose parsed url   path: 'felixge/node-mysql',
8 verbose parsed url   href: 'felixge/node-mysql' }
9 silly lockFile 4f4f7be1-felixge-node-mysql felixge/node-mysql
10 verbose lock felixge/node-mysql C:\Users\lenovo\AppData\Roaming\npm-cache\4f4f7be1-felixge-node-mysql.lock
11 info maybeGithub Attempting felixge/node-mysql from git://github.com/felixge/node-mysql
12 silly lockFile a6c4cfee-it-github-com-felixge-node-mysql git://github.com/felixge/node-mysql
13 verbose lock git://github.com/felixge/node-mysql C:\Users\lenovo\AppData\Roaming\npm-cache\a6c4cfee-it-github-com-felixge-node-mysql.lock
14 verbose addRemoteGit [ 'git://github.com/felixge/node-mysql', 'master' ]
15 warn `git config --get remote.origin.url` returned wrong result (git://github.com/felixge/node-mysql) undefined
15 warn `git config --get remote.origin.url` returned wrong result (git://github.com/felixge/node-mysql) undefined
16 verbose git clone git://github.com/felixge/node-mysql undefined
16 verbose git clone git://github.com/felixge/node-mysql undefined
17 silly lockFile a6c4cfee-it-github-com-felixge-node-mysql git://github.com/felixge/node-mysql
18 silly lockFile a6c4cfee-it-github-com-felixge-node-mysql git://github.com/felixge/node-mysql
19 info maybeGithub Attempting felixge/node-mysql from git+ssh://git@github.com:felixge/node-mysql
20 silly lockFile 246b2140-it-github-com-felixge-node-mysql git@github.com:felixge/node-mysql
21 verbose lock git@github.com:felixge/node-mysql C:\Users\lenovo\AppData\Roaming\npm-cache\246b2140-it-github-com-felixge-node-mysql.lock
22 verbose addRemoteGit [ 'git@github.com:felixge/node-mysql', 'master' ]
23 warn `git config --get remote.origin.url` returned wrong result (git@github.com:felixge/node-mysql) undefined
23 warn `git config --get remote.origin.url` returned wrong result (git@github.com:felixge/node-mysql) undefined
24 error git clone git@github.com:felixge/node-mysql undefined
24 error git clone git@github.com:felixge/node-mysql undefined
25 silly lockFile 246b2140-it-github-com-felixge-node-mysql git@github.com:felixge/node-mysql
26 silly lockFile 246b2140-it-github-com-felixge-node-mysql git@github.com:felixge/node-mysql
27 silly lockFile 4f4f7be1-felixge-node-mysql felixge/node-mysql
28 silly lockFile 4f4f7be1-felixge-node-mysql felixge/node-mysql
29 error addLocal Could not install felixge/node-mysql
30 error Error: ENOENT, stat 'E:\nodeProject\newProject\felixge\node-mysql'
31 error If you need help, you may report this *entire* log,
31 error including the npm and node versions, at:
31 error     <http://github.com/npm/npm/issues>
32 error System Windows_NT 6.2.9200
33 error command "D:\\study-app\\node\\\\node.exe" "D:\\study-app\\node\\node_modules\\npm\\bin\\npm-cli.js" "install" "felixge/node-mysql"
34 error cwd E:\nodeProject\newProject
35 error node -v v0.10.33
36 error npm -v 1.4.28
37 error path E:\nodeProject\newProject\felixge\node-mysql
38 error code ENOENT
39 error errno 34
40 verbose exit [ 34, true ]
